TN:
SF:run_kraken.py
DA:3,1,7Z9Lj4ed27Wf2hBX6jooEA
DA:4,1,mUDsnWRiqW9R9nTILGKIZg
DA:5,1,TkdTY1aJYRsgoCX7IqBZHg
DA:6,1,EZEzNmL93PY96zsSuI0PfQ
DA:7,1,i7EMnkWsVhVpePHtpz+/Kg
DA:8,1,lOC1uW0Td/SlIyvVe7n7xA
DA:9,0,DxtaAXdRc2C7Jp33EWZ6lg
DA:10,0,4KXOIu0EzlFAqlH6QJ+whA
DA:11,0,idAxdWU6MV/uWVotR1icZQ
DA:12,0,KAposeopStXV/mB2JUqz1g
DA:13,0,X/3FJEtZZGPPCE0W+mF3ng
DA:14,0,ExzT+CDl/jIdbJL7hHNXOA
DA:15,0,68lAxBvJqyPBirPDaa5rqw
DA:16,0,FbWdfVIfm+lYoX2Bcrbxaw
DA:17,0,CNEKFq8N0UFX6FDrDZEAtg
DA:18,0,BGKYklJHlJtTRcifTGP2lw
DA:19,0,zReal+41RLoib9Dx5zoMFA
DA:20,0,HZZhTO0BHH5kU1E23xqiQw
DA:21,0,ILvkM7530jzsseHScqOe3A
DA:22,0,uOSjFIc2PU3CHZNn/U9lcQ
DA:23,0,D/XgCcoZGYLEJWmYh+psqA
DA:24,0,UMHvEIn4b09748LmEBO86g
DA:25,0,CDv6NEZqTOGl0enmwcd8cA
DA:26,0,VgEAoUV3O2NiyB2CYEhIFQ
DA:28,0,ieNmHMZwd7BwGnrvrveVZQ
DA:32,0,vOp3nnc/IPxxUYsooZVD+g
DA:36,0,tJtqSr/tJ2eKk9rSwrYxlA
DA:38,0,l8i7Vu7zI5hEBOvmoNkelQ
DA:39,0,UTSK7VhIpAwPQtpWB3y4PA
DA:42,0,hpJstD/PbwAOm/Qzcya4cA
DA:43,0,WIBFXnh9QjQOeTrWtYJv1g
DA:44,0,6W5Sl8kqsAHvlp1m4nd+EQ
DA:46,0,1Ye1ExZZt2q5DYkRTmBCXw
DA:47,0,NEtu4LgIA1e11/YuJdlNmQ
DA:48,0,TbOGtuQZUQHDXEQOHxnJuQ
DA:49,0,o7SEmL96aAr+KWmRTfM2Ig
DA:52,0,waOzHE3Ot75XzgScYG4JNw
DA:53,0,vQ/lKiu/l8R7E5SjvyK/AA
DA:54,0,ZlbXXaDarKr/vuOfbMsvrA
DA:55,0,bQp1eU8Sh989D3Lbi47UyA
DA:56,0,HWCvZv2NlIEf79BLOt1+ag
DA:57,0,5mxw5YTqpCh4YSfnd4+n6w
DA:58,0,JB50CNFFtOWhso05yWu9cw
DA:61,0,2vq0lH1FEeHpO2/hQ9+e9Q
DA:62,0,phOtWwove7LwG8Z3GGZZuA
DA:63,0,9RLZjCenashKIkQ501BNXg
DA:64,0,sfi5emBSRwrlxOHtFz3NRg
DA:67,0,lL/MANvxVXusUbhwdRFBDA
DA:71,0,h00b1M3AmRAi894TJdsd4Q
DA:74,0,gIkLbQWXwuH2w502LV9Xyw
DA:78,0,zWT/OgsBGGeQn6akNKJBvQ
DA:81,0,2HJ3Rdr2q27RZpipB4MI1Q
DA:84,0,pTEtyyTUJWL9HSy3PuQ5UQ
DA:87,0,aGB8V65hypWkPLknLhl7+Q
DA:90,0,rSkDGDH5sf289PH4CFMcMg
DA:91,0,3oHUXQEYtkCh73Oyj3P3sA
DA:94,0,yj9HLw59YDQy9wZHp/oF8g
DA:99,0,VVXUgqi8FvvnFS27gKt37g
DA:100,0,Sl7CegX2CveFT4pHpVwD8g
DA:104,0,+NbyJg4R9xKmosWm7yocKg
DA:105,0,w/SYLRIHYfvyrWZEYl7gHQ
DA:106,0,AhabUsdcEI69B8dxn6P9xg
DA:107,0,Rt4uyosGjn5Pyr9JNHFOkQ
DA:110,0,VYHrzq470F4XtoI12C7yAA
DA:113,0,qLX6If2ObG4fw2CZmX+mug
DA:114,0,Sl7CegX2CveFT4pHpVwD8g
DA:117,0,+NbyJg4R9xKmosWm7yocKg
DA:118,0,+EAnuDsvbXGzh7d+bbVl/w
DA:119,0,Sl7CegX2CveFT4pHpVwD8g
DA:122,0,+NbyJg4R9xKmosWm7yocKg
DA:123,0,wWvuFb3q6UpBPAv45xgh4w
DA:127,0,eSLR6xV5aRhGmWbscVrEdg
DA:128,0,+tA32dha3eOIxQVKyCnCpg
DA:129,0,b5H2AtzdeQHs/sdCrS5k+A
DA:130,0,0Of0ojEvcrl/qOobtgue2Q
DA:136,0,agk2kbiwlWi0s7MurfyxZA
DA:137,0,CLWwF9NPASrPfLFDlv40Tg
DA:140,0,MXVeANcCuY5QjuxEaish5w
DA:141,0,Lbvh6ppqzPYbE35NvVyp7g
DA:142,0,cpTpaESlML1vDZ/qTJpvUQ
DA:143,0,kdbO7zYskGv5KPwfTYdgrg
DA:145,0,8elpisVJWthuOghCUvU8NQ
DA:147,0,fxxaFwgKNh+l0RELLkgRCA
DA:150,0,6dehaEz+UYnXM7USOvzMIw
DA:151,0,uw/Nd9EbgiwvzQT5sWS3nQ
DA:154,0,BuGZeRQQmE5vlXW+To+nsw
DA:155,0,0Of0ojEvcrl/qOobtgue2Q
DA:159,0,2fsLknvpZ2WbbWOe9Mvbog
DA:160,0,Y6kqdqXR2F+2E4bWeuy+EA
DA:163,0,ChDAA581eqstA+ucsXMAwA
DA:167,0,uP/Wnsjo+xGFlOMZdK6PQA
DA:168,0,0Of0ojEvcrl/qOobtgue2Q
DA:171,0,Ml6s4dD7cD+I/d2ckm2lqA
DA:172,0,fXjrRZVfs2eKq96GLA6v3Q
DA:174,0,0Of0ojEvcrl/qOobtgue2Q
DA:178,0,5dkfNGbGnaSZf5yDrSEOqA
DA:180,0,rp3+sqSraVpf3WpVIjN69g
DA:183,0,lgOxX5S+PbrMctzdWAZm3A
DA:184,0,saqt2ii7Q7eHAc+JjOgWCA
DA:187,0,oRTEm/sYX4XYiglXTLoI/w
DA:189,0,B48MenX5tEJm0ChYto1soQ
DA:190,0,miFQZGs6n6en0Kevk4VbAw
DA:191,0,3VcxepnLcVib1fw0Uc3x/Q
DA:192,0,CPD4XophDHgc/vicM5u+dQ
DA:193,0,sxlkY5gZS9ZhreCwPcDa2Q
DA:194,0,ofMNIPaoCGykhKBqtVqSDg
DA:195,0,mAs99nS4kgCPqoPdt8OBYw
DA:196,0,01GXxoJ/a8GXwqku6ZMPTw
DA:201,0,dwq3uUY2rm5k3x3/QLF5DQ
DA:202,0,VkhEnFyqYdVw5zJ3m3VnUQ
DA:203,0,kJwFipHiqTONPkwormgYuQ
DA:204,0,87VCzfVOLzNTmtGPUZJ0+w
DA:205,0,oaMxUZ0mXWQhjLihPsuPYg
DA:206,0,OQLnmJosVXVWmHHrgLkKIA
DA:207,0,893SGXofh5x40viRu/fGiw
DA:208,0,oS7f+Qr4+oEqM37RHlYqwA
DA:210,0,QpWB7eChGtc9sSLhplqe8A
DA:211,0,DS71dJSuULr9SUHgZmMJxA
DA:216,0,Mn0n2TWlKU7cvPIRPYuJrA
DA:217,0,tm17/spMS/pV5mw9q0t06A
DA:218,0,wXBZiP5hKoAnzZHn/5aybQ
DA:224,0,vSdsX5gK10/KpcixSMFcrA
DA:225,0,nEpww/91fcHv4ARckkIJjA
DA:226,0,sWxqQszInu6q9FAdAd/mAA
DA:236,0,dZen/P5wMIfaZ/2PrsnlDg
DA:237,0,tFr5KvYOkQQb6e8FJdiSEw
DA:238,0,foTrTGJ0bI224o2WWa8zlg
DA:245,0,RrxsAcmll0JWISrj9SYaTQ
DA:246,0,waeaSOt4zSQOkqWsImmU6w
DA:247,0,PljXDnBqUC99ZR7eudG1DA
DA:255,0,Kq9Vs3nzzlE6ts8dGiqe3g
DA:256,0,xwu+tzlrSKaP2nyn6o4yOg
DA:257,0,ygmLXYBAKoR1mpQC2XvS8g
DA:258,0,JVw8a+XZIeDSS9CU38tIkQ
DA:264,0,i7E/ex2uBgQ6wu0D6Lwvrg
DA:268,0,f1BQJ8v4BoPkxvss5k4iaw
DA:271,0,78BoxVU7PI17600If07EJQ
DA:272,0,xwu+tzlrSKaP2nyn6o4yOg
DA:273,0,3rEMUu8FDox3/pxRnOs4EQ
DA:274,0,45FYlrEbf/EkSkJhdZqm3Q
DA:275,0,COlhs2oD1GMYl24c/m/jtg
DA:278,0,geLl6Sni0HWMxFut1FIaVw
DA:281,0,5BXmkSnzUP1gPP+5ylh26w
DA:284,0,ORr6oYYnV+MCF/AZT+Ewlw
DA:285,0,2/sG3e65/LtCBOcFzUm37g
DA:289,0,i/5x6qwcuO1uq/GYxeTs1w
DA:293,0,xHq12nkuT+ehZXZHwT62og
DA:297,0,RYFeXbXaPh3dhx0GEfWnGA
DA:298,0,niL2KZ6bDQtdVOU58B8mHg
DA:306,0,i7E/ex2uBgQ6wu0D6Lwvrg
DA:310,0,f1BQJ8v4BoPkxvss5k4iaw
DA:313,0,7dleh+UGZdGtWl09IQ7XVA
DA:314,0,I52ZCGCqL130nWXnYjjX3A
DA:321,0,HamsGkCIJpw/IeIB0xTfQA
DA:322,0,lF5gPc9T0QMyVXZra1lhng
DA:323,0,x7ljXcr2mS3aUhAm8wShuA
DA:332,0,loM13PwXF59v/Bo+Z82LGw
DA:333,0,4Z+rutBli8azcO1OlEnRyw
DA:334,0,fttdy1mrnHRZ9tnvC7gUnA
DA:341,0,HDdtRekokIpkKOseWpF/YA
DA:342,0,UhC9mQaBJqVLHW863Mz0Mw
DA:343,0,ym4VP4s1HOnI7rd1CUoXxg
DA:350,0,HhGZdaPEu8jAj1iw8j/54g
DA:351,0,uzkMsJRw1btsqPsjM0kGEA
DA:352,0,q85GP97G7HgNUJ7IeAMuHA
DA:355,0,4brOX9G7q5H0y1sfqp1vYA
DA:356,0,ol57B27ZP457+wSfuo08rA
DA:357,0,02HdS8PoK5q/r8tkf07v3g
DA:363,0,wjMs6dpkjUIawQQ5hgxBaw
DA:364,0,YWocldvJmeL+Xj4+j7f8jg
DA:367,0,GDT4qm/ixwrjzPJ1dfZIYw
DA:370,0,cBRIoS9rwBFgpy99IbNWmQ
DA:371,0,QOvbfRRr+/0pBp8SN6rYUA
DA:372,0,Apqk5ZC0sYTexP+OVvCGkQ
DA:373,0,bAxusj1b4GfRrs8VJtsjhQ
DA:385,0,Yiw1rQ9lRoZFln486cFAjA
DA:386,0,lAOKJlfqvMXjgJbBLu2kdw
DA:387,0,Apqk5ZC0sYTexP+OVvCGkQ
DA:388,0,/sGbOTV0oINZg7aD7v0oCg
DA:389,0,u46MKCmWYWJAFoppOKTARg
DA:398,0,Fdm5BiKDigG7ni5nq5icHA
DA:399,0,xa92huXPcZC2NjXStgnmwg
DA:401,0,EcJGnIxV6QGURgG3gX8g1A
DA:402,0,A2uvBc/1857nJhCydzAdYw
DA:403,0,FqQ/LYnK5SsjX5S1PvPMbQ
DA:404,0,PCbMFMDIA6phRHyVtPuGJg
DA:406,0,gNZSCdyF9y0q8KB2p7c+cQ
DA:407,0,Sl7CegX2CveFT4pHpVwD8g
DA:410,0,+NbyJg4R9xKmosWm7yocKg
DA:412,0,LS1p9fT5iXpAPOTICZzZww
DA:413,0,T2aYcC58jo7CYUTH21xjLg
DA:419,0,XpVTdsGa9U9CqGi8So00Uw
DA:420,0,RQrgAAR2C0G3r5D66iY6Cg
DA:423,0,xQVNdxAJxuGw1z9RcZmDQw
DA:425,0,SK2IwTPrvD8LK/36CXgd1g
DA:426,0,sD4xRoeaiR2aCwceCmUKfA
DA:433,0,tO9qpCQZduc+e9uAbs8pHA
DA:434,0,oAT0LN0XL3S/YC5qmMQenw
DA:442,0,CRC77WbwByNXlQDgQNjITg
DA:443,0,bthzBZEdAEGI1oGLIxycwg
DA:444,0,RQrgAAR2C0G3r5D66iY6Cg
DA:446,0,4TtkKg6/xWhM4Dm46U6CMQ
LF:202
LH:6
end_of_record
